<?xml version="1.0" encoding="UTF-8"?>
<testsuite name="in.reqres.tests.CreateUserTest" tests="1" skipped="0" failures="0" errors="0" timestamp="2023-11-22T19:19:56" hostname="WIN-2IIN7F880J6" time="6.513">
  <properties/>
  <testcase name="Create new user" classname="in.reqres.tests.CreateUserTest" time="6.513"/>
  <system-out><![CDATA[Request URI:	https://reqres.in/api/users
Request method:	POST
Body:
{
    "name": "Marina",
    "job": "QA-engineer"
}
{
    "name": "Marina",
    "job": "QA-engineer",
    "id": "290",
    "createdAt": "2023-11-22T19:20:01.454Z"
}
]]></system-out>
  <system-err><![CDATA[]]></system-err>
</testsuite>
