<?xml version="1.0" encoding="UTF-8"?>
<testsuite name="in.reqres.tests.DeleteUserTest" tests="1" skipped="0" failures="0" errors="0" timestamp="2023-11-22T19:20:02" hostname="WIN-2IIN7F880J6" time="0.518">
  <properties/>
  <testcase name="Delete user" classname="in.reqres.tests.DeleteUserTest" time="0.518"/>
  <system-out><![CDATA[Request URI:	https://reqres.in/api/users/2
Request method:	DELETE
Body:			<none>

HTTP/1.1 204 No Content
]]></system-out>
  <system-err><![CDATA[]]></system-err>
</testsuite>
